<?xml version="1.0" encoding="UTF-8"?>
<!-- Generated by org.testng.reporters.JUnitReportReporter -->
<testsuite hostname="INLEN8520044845" failures="0" tests="1" name="jsonPlaceholderRequests.AuthorizationNegative" time="3.743" errors="0" timestamp="2022-07-02T11:25:33 IST" skipped="0">
  <testcase classname="jsonPlaceholderRequests.AuthorizationNegative" name="basicAuth" time="3.743"/>
  <system-out/>
</testsuite> <!-- jsonPlaceholderRequests.AuthorizationNegative -->
