<?xml version="1.0" encoding="UTF-8"?>
<!-- Generated by org.testng.reporters.JUnitReportReporter -->
<testsuite hostname="INLEN8520044845" failures="0" tests="1" name="jsonPlaceholderRequests.ListingAllResources" time="1.789" errors="0" timestamp="2022-07-03T18:13:13 IST" skipped="0">
  <testcase classname="jsonPlaceholderRequests.ListingAllResources" name="patchingResource" time="1.789"/>
  <system-out/>
</testsuite> <!-- jsonPlaceholderRequests.ListingAllResources -->
