<?xml version="1.0" encoding="UTF-8"?>
<!-- Generated by org.testng.reporters.JUnitReportReporter -->
<testsuite hostname="INLEN8520044845" failures="0" tests="1" name="jsonPlaceholderRequests.FilteringResource" time="2.748" errors="0" timestamp="2022-07-02T11:09:33 IST" skipped="0">
  <testcase classname="jsonPlaceholderRequests.FilteringResource" name="filteringResource" time="2.748"/>
  <system-out/>
</testsuite> <!-- jsonPlaceholderRequests.FilteringResource -->
