<?xml version="1.0" encoding="UTF-8"?>
<!-- Generated by org.testng.reporters.JUnitReportReporter -->
<testsuite hostname="INLEN8520044845" failures="0" tests="1" name="jsonPlaceholderRequests.UpdatingResource" time="3.714" errors="0" timestamp="2022-07-06T19:25:15 IST" skipped="0">
  <testcase classname="jsonPlaceholderRequests.UpdatingResource" name="UpdateUser" time="3.714"/>
  <system-out/>
</testsuite> <!-- jsonPlaceholderRequests.UpdatingResource -->
