<?xml version="1.0" encoding="UTF-8"?>
<!-- Generated by org.testng.reporters.JUnitReportReporter -->
<testsuite hostname="INLEN8520044845" failures="0" tests="1" name="jsonPlaceholderRequests.DeletingResource" time="2.316" errors="0" timestamp="2022-07-03T12:23:44 IST" skipped="0">
  <testcase classname="jsonPlaceholderRequests.DeletingResource" name="deletingResource" time="2.316"/>
  <system-out/>
</testsuite> <!-- jsonPlaceholderRequests.DeletingResource -->
