<?xml version="1.0" encoding="UTF-8"?>
<!-- Generated by org.testng.reporters.JUnitReportReporter -->
<testsuite hostname="INLEN8520044845" failures="0" tests="1" name="jsonPlaceholderRequests.GettingResource" time="2.308" errors="0" timestamp="2022-07-04T14:34:12 IST" skipped="0">
  <testcase classname="jsonPlaceholderRequests.GettingResource" name="getResource" time="2.308"/>
  <system-out/>
</testsuite> <!-- jsonPlaceholderRequests.GettingResource -->
