<?xml version="1.0" encoding="UTF-8"?>
<!-- Generated by org.testng.reporters.JUnitReportReporter -->
<testsuite hostname="INLEN8520044845" failures="0" tests="1" name="jsonPlaceholderRequests.PatchingResource" time="2.170" errors="0" timestamp="2022-07-04T11:36:40 IST" skipped="0">
  <testcase classname="jsonPlaceholderRequests.PatchingResource" name="patchingResource" time="2.170"/>
  <system-out/>
</testsuite> <!-- jsonPlaceholderRequests.PatchingResource -->
