<?xml version="1.0" encoding="UTF-8"?>
<!-- Generated by org.testng.reporters.JUnitReportReporter -->
<testsuite hostname="INLEN8520044845" failures="0" tests="1" name="jsonPlaceholderNegative.FilteringResources" time="2.482" errors="0" timestamp="2022-07-04T12:59:20 IST" skipped="0">
  <testcase classname="jsonPlaceholderNegative.FilteringResources" name="filteringResource" time="2.482"/>
  <system-out/>
</testsuite> <!-- jsonPlaceholderNegative.FilteringResources -->
