<?xml version="1.0" encoding="UTF-8"?>
<!-- Generated by org.testng.reporters.JUnitReportReporter -->
<testsuite hostname="INLEN8520044845" failures="0" tests="1" name="jsonPlaceholderRequests.CreatingResource" time="1.988" errors="0" timestamp="2022-07-02T21:15:57 IST" skipped="0">
  <testcase classname="jsonPlaceholderRequests.CreatingResource" name="creatingResource" time="1.988"/>
  <system-out/>
</testsuite> <!-- jsonPlaceholderRequests.CreatingResource -->
